  -0.91743   -3.05810
  -0.84714   -1.99430
  -0.76804   -1.39755
  -0.68741   -1.01938
  -0.61028   -0.76368
  -0.53949   -0.58392
  -0.47625   -0.45414
  -0.42069   -0.35851
  -0.37238   -0.28683
  -0.33058   -0.23231
  -0.29449   -0.19026
  -0.26333   -0.15744
  -0.23638   -0.13151
  -0.21301   -0.11082
  -0.19268   -0.09413
  -0.17494   -0.08055
  -0.15939   -0.06941
  -0.14572   -0.06018
  -0.13365   -0.05249
  -0.12295   -0.04603
  -0.11344   -0.04058
  -0.10495   -0.03594
  -0.09734   -0.03197
  -0.09051   -0.02855
  -0.08435   -0.02560
  -0.07878   -0.02304
  -0.07373   -0.02080
  -0.06915   -0.01885
  -0.06496   -0.01712
  -0.06114   -0.01560
  -0.05764   -0.01426
  -0.05442   -0.01306
  -0.05147   -0.01199
  -0.04874   -0.01103
  -0.04622   -0.01018
  -0.04389   -0.00940
  -0.04173   -0.00871
  -0.03972   -0.00808
  -0.03785   -0.00751
  -0.03611   -0.00699
  -0.03449   -0.00652
  -0.03297   -0.00609
  -0.03155   -0.00569
  -0.03021   -0.00533
  -0.02896   -0.00500
  -0.02779   -0.00470
  -0.02668   -0.00442
  -0.02564   -0.00416
  -0.02466   -0.00392
  -0.02373   -0.00370
  -0.02285   -0.00349
  -0.02202   -0.00330
  -0.02124   -0.00313
  -0.02049   -0.00296
  -0.01979   -0.00281
  -0.01912   -0.00267
  -0.01848   -0.00254
  -0.01787   -0.00241
  -0.01730   -0.00229
  -0.01675   -0.00219
  -0.01622   -0.00208
  -0.01572   -0.00199
  -0.01525   -0.00190
  -0.01479   -0.00181
  -0.01436   -0.00173
  -0.01394   -0.00166
  -0.01354   -0.00159
  -0.01316   -0.00152
  -0.01279   -0.00146
  -0.01244   -0.00140
  -0.01210   -0.00134
  -0.01178   -0.00129
  -0.01147   -0.00124
  -0.01117   -0.00119
  -0.01088   -0.00114
  -0.01061   -0.00110
  -0.01034   -0.00106
  -0.01008   -0.00102
  -0.00984   -0.00098
  -0.00960   -0.00094
  -0.00937   -0.00091
  -0.00915   -0.00088
  -0.00893   -0.00085
  -0.00873   -0.00082
  -0.00853   -0.00079
  -0.00834   -0.00076
  -0.00815   -0.00074
  -0.00797   -0.00071
  -0.00780   -0.00069
  -0.00763   -0.00067
  -0.00747   -0.00065
  -0.00731   -0.00063
  -0.00715   -0.00061
  -0.00701   -0.00059
  -0.00686   -0.00057
  -0.00672   -0.00055
  -0.00659   -0.00054
  -0.00646   -0.00052
  -0.00633   -0.00051
  -0.00621   -0.00049
  -0.00609   -0.00048
  -0.00597   -0.00046
  -0.00586   -0.00045
  -0.00575   -0.00044
  -0.00564   -0.00042
  -0.00554   -0.00041
  -0.00544   -0.00040
  -0.00534   -0.00039
  -0.00524   -0.00038
  -0.00515   -0.00037
  -0.00506   -0.00036
  -0.00497   -0.00035
  -0.00488   -0.00034
  -0.00480   -0.00033
  -0.00472   -0.00032
  -0.00464   -0.00032
  -0.00456   -0.00031
  -0.00448   -0.00030
  -0.00441   -0.00029
  -0.00434   -0.00029
  -0.00427   -0.00028
  -0.00420   -0.00027
  -0.00413   -0.00027
  -0.00407   -0.00026
  -0.00400   -0.00025
  -0.00394   -0.00025
  -0.00388   -0.00024
  -0.00382   -0.00024
  -0.00376   -0.00023
  -0.00371   -0.00023
  -0.00365   -0.00022
  -0.00360   -0.00022
  -0.00354   -0.00021
  -0.00349   -0.00021
  -0.00344   -0.00020
  -0.00339   -0.00020
  -0.00334   -0.00019
  -0.00329   -0.00019
  -0.00325   -0.00019
  -0.00320   -0.00018
  -0.00316   -0.00018
  -0.00311   -0.00017
  -0.00307   -0.00017
  -0.00303   -0.00017
  -0.00299   -0.00016
  -0.00295   -0.00016
  -0.00291   -0.00016
  -0.00287   -0.00015
  -0.00283   -0.00015
  -0.00279   -0.00015
  -0.00276   -0.00014
  -0.00272   -0.00014
  -0.00269   -0.00014
  -0.00265   -0.00014
  -0.00262   -0.00013
  -0.00259   -0.00013
  -0.00255   -0.00013
  -0.00252   -0.00013
  -0.00249   -0.00012
  -0.00246   -0.00012
  -0.00243   -0.00012
  -0.00240   -0.00012
  -0.00237   -0.00012
  -0.00234   -0.00011
  -0.00231   -0.00011
  -0.00229   -0.00011
  -0.00226   -0.00011
  -0.00223   -0.00011
  -0.00221   -0.00010
  -0.00218   -0.00010
  -0.00216   -0.00010
  -0.00213   -0.00010
  -0.00211   -0.00010
  -0.00208   -0.00010
  -0.00206   -0.00009
  -0.00204   -0.00009
  -0.00201   -0.00009
  -0.00199   -0.00009
  -0.00197   -0.00009
  -0.00195   -0.00009
  -0.00193   -0.00008
  -0.00191   -0.00008
  -0.00189   -0.00008
  -0.00186   -0.00008
  -0.00184   -0.00008
  -0.00183   -0.00008
  -0.00181   -0.00008
  -0.00179   -0.00008
  -0.00177   -0.00007
  -0.00175   -0.00007
  -0.00173   -0.00007
  -0.00171   -0.00007
  -0.00170   -0.00007
  -0.00168   -0.00007
  -0.00166   -0.00007
  -0.00165   -0.00007
  -0.00163   -0.00007
  -0.00161   -0.00006
  -0.00160   -0.00006
  -0.00158   -0.00006
  -0.00157   -0.00006
  -0.00155   -0.00006
  -0.00153   -0.00006
  -0.00152   -0.00006
  -0.00151   -0.00006
  -0.00149   -0.00006
  -0.00148   -0.00006
  -0.00146   -0.00006
  -0.00145   -0.00006
  -0.00144   -0.00005
  -0.00142   -0.00005
  -0.00141   -0.00005
  -0.00140   -0.00005
  -0.00138   -0.00005
  -0.00137   -0.00005
  -0.00136   -0.00005
  -0.00134   -0.00005
  -0.00133   -0.00005
  -0.00132   -0.00005
  -0.00131   -0.00005
  -0.00130   -0.00005
  -0.00129   -0.00005
  -0.00127   -0.00005
  -0.00126   -0.00004
  -0.00125   -0.00004
  -0.00124   -0.00004
  -0.00123   -0.00004
  -0.00122   -0.00004
  -0.00121   -0.00004
  -0.00120   -0.00004
  -0.00119   -0.00004
  -0.00118   -0.00004
  -0.00117   -0.00004
  -0.00116   -0.00004
  -0.00115   -0.00004
  -0.00114   -0.00004
  -0.00113   -0.00004
  -0.00112   -0.00004
  -0.00111   -0.00004
  -0.00110   -0.00004
  -0.00109   -0.00004
  -0.00108   -0.00004
  -0.00107   -0.00004
  -0.00107   -0.00003
  -0.00106   -0.00003
  -0.00105   -0.00003
  -0.00104   -0.00003
  -0.00103   -0.00003
  -0.00102   -0.00003
  -0.00102   -0.00003
  -0.00101   -0.00003
  -0.00100   -0.00003
  -0.00099   -0.00003
  -0.00098   -0.00003
  -0.00098   -0.00003
  -0.00097   -0.00003
  -0.00096   -0.00003
  -0.00095   -0.00003
  -0.00095   -0.00003
  -0.00094   -0.00003
  -0.00093   -0.00003
  -0.00092   -0.00003
  -0.00092   -0.00003
  -0.00091   -0.00003
  -0.00090   -0.00003
  -0.00090   -0.00003
  -0.00089   -0.00003
  -0.00088   -0.00003
  -0.00088   -0.00003
  -0.00087   -0.00003
  -0.00086   -0.00003
  -0.00086   -0.00003
  -0.00085   -0.00002
  -0.00085   -0.00002
  -0.00084   -0.00002
  -0.00083   -0.00002
  -0.00083   -0.00002
  -0.00082   -0.00002
  -0.00082   -0.00002
  -0.00081   -0.00002
  -0.00080   -0.00002
  -0.00080   -0.00002
  -0.00079   -0.00002
  -0.00079   -0.00002
  -0.00078   -0.00002
  -0.00078   -0.00002
  -0.00077   -0.00002
  -0.00077   -0.00002
  -0.00076   -0.00002
  -0.00076   -0.00002
  -0.00075   -0.00002
  -0.00075   -0.00002
  -0.00074   -0.00002
  -0.00074   -0.00002
  -0.00073   -0.00002
  -0.00073   -0.00002
  -0.00072   -0.00002
  -0.00072   -0.00002
  -0.00071   -0.00002
  -0.00071   -0.00002
  -0.00070   -0.00002
  -0.00070   -0.00002
  -0.00069   -0.00002
  -0.00069   -0.00002
  -0.00068   -0.00002
  -0.00068   -0.00002
  -0.00067   -0.00002
  -0.00067   -0.00002
  -0.00067   -0.00002
  -0.00066   -0.00002
  -0.00066   -0.00002
  -0.00065   -0.00002
  -0.00065   -0.00002
  -0.00065   -0.00002
  -0.00064   -0.00002
  -0.00064   -0.00002
  -0.00063   -0.00002
  -0.00063   -0.00002
  -0.00063   -0.00002
  -0.00062   -0.00002
  -0.00062   -0.00002
  -0.00061   -0.00002
  -0.00061   -0.00002
  -0.00061   -0.00001
  -0.00060   -0.00001
  -0.00060   -0.00001
  -0.00060   -0.00001
  -0.00059   -0.00001
  -0.00059   -0.00001
  -0.00058   -0.00001
  -0.00058   -0.00001
  -0.00058   -0.00001
  -0.00057   -0.00001
  -0.00057   -0.00001
  -0.00057   -0.00001
  -0.00056   -0.00001
  -0.00056   -0.00001
  -0.00056   -0.00001
  -0.00055   -0.00001
  -0.00055   -0.00001
  -0.00055   -0.00001
  -0.00054   -0.00001
  -0.00054   -0.00001
  -0.00054   -0.00001
  -0.00053   -0.00001
  -0.00053   -0.00001
  -0.00053   -0.00001
  -0.00053   -0.00001
  -0.00052   -0.00001
  -0.00052   -0.00001
  -0.00052   -0.00001
  -0.00051   -0.00001
  -0.00051   -0.00001
  -0.00051   -0.00001
  -0.00051   -0.00001
  -0.00050   -0.00001
  -0.00050   -0.00001
  -0.00050   -0.00001
  -0.00049   -0.00001
  -0.00049   -0.00001
  -0.00049   -0.00001
  -0.00049   -0.00001
  -0.00048   -0.00001
  -0.00048   -0.00001
  -0.00048   -0.00001
  -0.00048   -0.00001
  -0.00047   -0.00001
  -0.00047   -0.00001
  -0.00047   -0.00001
  -0.00047   -0.00001
  -0.00046   -0.00001
  -0.00046   -0.00001
  -0.00046   -0.00001
  -0.00046   -0.00001
  -0.00045   -0.00001
  -0.00045   -0.00001
  -0.00045   -0.00001
  -0.00045   -0.00001
  -0.00044   -0.00001
  -0.00044   -0.00001
  -0.00044   -0.00001
  -0.00044   -0.00001
  -0.00043   -0.00001
  -0.00043   -0.00001
  -0.00043   -0.00001
  -0.00043   -0.00001
  -0.00043   -0.00001
  -0.00042   -0.00001
  -0.00042   -0.00001
  -0.00042   -0.00001
  -0.00042   -0.00001
  -0.00041   -0.00001
  -0.00041   -0.00001
  -0.00041   -0.00001
  -0.00041   -0.00001
  -0.00041   -0.00001
  -0.00040   -0.00001
  -0.00040   -0.00001
  -0.00040   -0.00001
  -0.00040   -0.00001
  -0.00040   -0.00001
  -0.00039   -0.00001
  -0.00039   -0.00001
  -0.00039   -0.00001
  -0.00039   -0.00001
  -0.00039   -0.00001
  -0.00038   -0.00001
  -0.00038   -0.00001
  -0.00038   -0.00001
  -0.00038   -0.00001
  -0.00038   -0.00001
  -0.00038   -0.00001
  -0.00037   -0.00001
  -0.00037   -0.00001
  -0.00037   -0.00001
  -0.00037   -0.00001
  -0.00037   -0.00001
  -0.00036   -0.00001
  -0.00036   -0.00001
  -0.00036   -0.00001
  -0.00036   -0.00001
  -0.00036   -0.00001
  -0.00036   -0.00001
  -0.00035   -0.00001
  -0.00035   -0.00001
  -0.00035   -0.00001
  -0.00035   -0.00001
  -0.00035   -0.00001
  -0.00035   -0.00001
  -0.00034   -0.00001
  -0.00034   -0.00001
  -0.00034   -0.00001
  -0.00034   -0.00001
  -0.00034   -0.00001
  -0.00034   -0.00001
  -0.00034   -0.00001
  -0.00033   -0.00001
  -0.00033   -0.00001
  -0.00033   -0.00001
  -0.00033   -0.00001
  -0.00033   -0.00001
  -0.00033   -0.00001
  -0.00033   -0.00001
  -0.00032   -0.00001
  -0.00032   -0.00001
  -0.00032   -0.00001
  -0.00032   -0.00001
  -0.00032   -0.00001
  -0.00032   -0.00001
  -0.00032   -0.00001
  -0.00031   -0.00001
  -0.00031   -0.00001
  -0.00031   -0.00001
  -0.00031   -0.00001
  -0.00031   -0.00001
  -0.00031   -0.00001
  -0.00031   -0.00001
  -0.00030   -0.00001
  -0.00030   -0.00001
  -0.00030   -0.00001
  -0.00030   -0.00001
  -0.00030   -0.00001
  -0.00030   -0.00001
  -0.00030   -0.00001
  -0.00030   -0.00001
  -0.00029   -0.00001
  -0.00029   -0.00001
  -0.00029   -0.00000
  -0.00029   -0.00000
  -0.00029   -0.00000
  -0.00029   -0.00000
  -0.00029   -0.00000
  -0.00029   -0.00000
  -0.00028   -0.00000
  -0.00028   -0.00000
  -0.00028   -0.00000
  -0.00028   -0.00000
  -0.00028   -0.00000
  -0.00028   -0.00000
  -0.00028   -0.00000
  -0.00028   -0.00000
  -0.00027   -0.00000
  -0.00027   -0.00000
  -0.00027   -0.00000
  -0.00027   -0.00000
  -0.00027   -0.00000
  -0.00027   -0.00000
  -0.00027   -0.00000
  -0.00027   -0.00000
  -0.00027   -0.00000
  -0.00026   -0.00000
  -0.00026   -0.00000
  -0.00026   -0.00000
  -0.00026   -0.00000
  -0.00026   -0.00000
  -0.00026   -0.00000
  -0.00026   -0.00000
  -0.00026   -0.00000
  -0.00026   -0.00000
  -0.00026   -0.00000
  -0.00025   -0.00000
  -0.00025   -0.00000
  -0.00025   -0.00000
  -0.00025   -0.00000
  -0.00025   -0.00000
  -0.00025   -0.00000
  -0.00025   -0.00000
  -0.00025   -0.00000
  -0.00025   -0.00000
  -0.00025   -0.00000
  -0.00024   -0.00000
  -0.00024   -0.00000
  -0.00024   -0.00000
  -0.00024   -0.00000
  -0.00024   -0.00000
  -0.00024   -0.00000
  -0.00024   -0.00000
  -0.00024   -0.00000
  -0.00024   -0.00000
  -0.00024   -0.00000
  -0.00024   -0.00000
  -0.00023   -0.00000
  -0.00023   -0.00000
  -0.00023   -0.00000
  -0.00023   -0.00000
  -0.00023   -0.00000
  -0.00023   -0.00000
  -0.00023   -0.00000
  -0.00023   -0.00000
  -0.00023   -0.00000
  -0.00023   -0.00000
  -0.00023   -0.00000
  -0.00022   -0.00000
  -0.00022   -0.00000
  -0.00022   -0.00000
  -0.00022   -0.00000
  -0.00022   -0.00000
  -0.00022   -0.00000
  -0.00022   -0.00000
  -0.00022   -0.00000
  -0.00022   -0.00000
  -0.00022   -0.00000
  -0.00022   -0.00000
  -0.00022   -0.00000
  -0.00022   -0.00000
  -0.00021   -0.00000
  -0.00021   -0.00000
  -0.00021   -0.00000
  -0.00021   -0.00000
  -0.00021   -0.00000
  -0.00021   -0.00000
  -0.00021   -0.00000
  -0.00021   -0.00000
  -0.00021   -0.00000
  -0.00021   -0.00000
  -0.00021   -0.00000
  -0.00021   -0.00000
  -0.00021   -0.00000
  -0.00020   -0.00000
  -0.00020   -0.00000
  -0.00020   -0.00000
  -0.00020   -0.00000
  -0.00020   -0.00000
  -0.00020   -0.00000
  -0.00020   -0.00000
  -0.00020   -0.00000
  -0.00020   -0.00000
  -0.00020   -0.00000
  -0.00020   -0.00000
  -0.00020   -0.00000
  -0.00020   -0.00000
  -0.00020   -0.00000
  -0.00019   -0.00000
  -0.00019   -0.00000
  -0.00019   -0.00000
  -0.00019   -0.00000
  -0.00019   -0.00000
  -0.00019   -0.00000
  -0.00019   -0.00000
  -0.00019   -0.00000
  -0.00019   -0.00000
  -0.00019   -0.00000
  -0.00019   -0.00000
  -0.00019   -0.00000
  -0.00019   -0.00000
  -0.00019   -0.00000
  -0.00019   -0.00000
  -0.00018   -0.00000
  -0.00018   -0.00000
  -0.00018   -0.00000
  -0.00018   -0.00000
  -0.00018   -0.00000
  -0.00018   -0.00000
  -0.00018   -0.00000
  -0.00018   -0.00000
  -0.00018   -0.00000
  -0.00018   -0.00000
  -0.00018   -0.00000
  -0.00018   -0.00000
  -0.00018   -0.00000
  -0.00018   -0.00000
  -0.00018   -0.00000
  -0.00018   -0.00000
  -0.00018   -0.00000
  -0.00017   -0.00000
  -0.00017   -0.00000
  -0.00017   -0.00000
  -0.00017   -0.00000
  -0.00017   -0.00000
  -0.00017   -0.00000
  -0.00017   -0.00000
  -0.00017   -0.00000
  -0.00017   -0.00000
  -0.00017   -0.00000
  -0.00017   -0.00000
  -0.00017   -0.00000
  -0.00017   -0.00000
  -0.00017   -0.00000
  -0.00017   -0.00000
  -0.00017   -0.00000
  -0.00017   -0.00000
  -0.00017   -0.00000
  -0.00016   -0.00000
  -0.00016   -0.00000
  -0.00016   -0.00000
  -0.00016   -0.00000
  -0.00016   -0.00000
  -0.00016   -0.00000
  -0.00016   -0.00000
  -0.00016   -0.00000
  -0.00016   -0.00000
  -0.00016   -0.00000
  -0.00016   -0.00000
  -0.00016   -0.00000
  -0.00016   -0.00000
  -0.00016   -0.00000
  -0.00016   -0.00000
  -0.00016   -0.00000
  -0.00016   -0.00000
  -0.00016   -0.00000
  -0.00016   -0.00000
  -0.00016   -0.00000
  -0.00015   -0.00000
  -0.00015   -0.00000
  -0.00015   -0.00000
  -0.00015   -0.00000
  -0.00015   -0.00000
  -0.00015   -0.00000
  -0.00015   -0.00000
  -0.00015   -0.00000
  -0.00015   -0.00000
  -0.00015   -0.00000
  -0.00015   -0.00000
  -0.00015   -0.00000
  -0.00015   -0.00000
  -0.00015   -0.00000
  -0.00015   -0.00000
  -0.00015   -0.00000
  -0.00015   -0.00000
  -0.00015   -0.00000
  -0.00015   -0.00000
  -0.00015   -0.00000
  -0.00015   -0.00000
  -0.00015   -0.00000
  -0.00014   -0.00000
  -0.00014   -0.00000
  -0.00014   -0.00000
  -0.00014   -0.00000
  -0.00014   -0.00000
  -0.00014   -0.00000
  -0.00014   -0.00000
  -0.00014   -0.00000
  -0.00014   -0.00000
  -0.00014   -0.00000
  -0.00014   -0.00000
  -0.00014   -0.00000
  -0.00014   -0.00000
  -0.00014   -0.00000
  -0.00014   -0.00000
  -0.00014   -0.00000
  -0.00014   -0.00000
  -0.00014   -0.00000
  -0.00014   -0.00000
  -0.00014   -0.00000
  -0.00014   -0.00000
  -0.00014   -0.00000
  -0.00014   -0.00000
  -0.00014   -0.00000
  -0.00013   -0.00000
  -0.00013   -0.00000
  -0.00013   -0.00000
  -0.00013   -0.00000
  -0.00013   -0.00000
  -0.00013   -0.00000
  -0.00013   -0.00000
  -0.00013   -0.00000
  -0.00013   -0.00000
  -0.00013   -0.00000
  -0.00013   -0.00000
  -0.00013   -0.00000
  -0.00013   -0.00000
  -0.00013   -0.00000
  -0.00013   -0.00000
  -0.00013   -0.00000
  -0.00013   -0.00000
  -0.00013   -0.00000
  -0.00013   -0.00000
  -0.00013   -0.00000
  -0.00013   -0.00000
  -0.00013   -0.00000
  -0.00013   -0.00000
  -0.00013   -0.00000
  -0.00013   -0.00000
  -0.00013   -0.00000
  -0.00013   -0.00000
  -0.00012   -0.00000
  -0.00012   -0.00000
  -0.00012   -0.00000
  -0.00012   -0.00000
  -0.00012   -0.00000
  -0.00012   -0.00000
  -0.00012   -0.00000
  -0.00012   -0.00000
  -0.00012   -0.00000
  -0.00012   -0.00000
  -0.00012   -0.00000
  -0.00012   -0.00000
  -0.00012   -0.00000
  -0.00012   -0.00000
  -0.00012   -0.00000
  -0.00012   -0.00000
  -0.00012   -0.00000
  -0.00012   -0.00000
  -0.00012   -0.00000
  -0.00012   -0.00000
  -0.00012   -0.00000
  -0.00012   -0.00000
  -0.00012   -0.00000
  -0.00012   -0.00000
  -0.00012   -0.00000
  -0.00012   -0.00000
  -0.00012   -0.00000
  -0.00012   -0.00000
  -0.00012   -0.00000
  -0.00012   -0.00000
  -0.00011   -0.00000
  -0.00011   -0.00000
  -0.00011   -0.00000
  -0.00011   -0.00000
  -0.00011   -0.00000
  -0.00011   -0.00000
  -0.00011   -0.00000
  -0.00011   -0.00000
  -0.00011   -0.00000
  -0.00011   -0.00000
  -0.00011   -0.00000
  -0.00011   -0.00000
  -0.00011   -0.00000
  -0.00011   -0.00000
  -0.00011   -0.00000
  -0.00011   -0.00000
  -0.00011   -0.00000
  -0.00011   -0.00000
  -0.00011   -0.00000
  -0.00011   -0.00000
  -0.00011   -0.00000
  -0.00011   -0.00000
  -0.00011   -0.00000
  -0.00011   -0.00000
  -0.00011   -0.00000
  -0.00011   -0.00000
  -0.00011   -0.00000
  -0.00011   -0.00000
  -0.00011   -0.00000
  -0.00011   -0.00000
  -0.00011   -0.00000
  -0.00011   -0.00000
  -0.00011   -0.00000
  -0.00011   -0.00000
  -0.00011   -0.00000
  -0.00010   -0.00000
  -0.00010   -0.00000
  -0.00010   -0.00000
  -0.00010   -0.00000
  -0.00010   -0.00000
  -0.00010   -0.00000
  -0.00010   -0.00000
  -0.00010   -0.00000
  -0.00010   -0.00000
  -0.00010   -0.00000
  -0.00010   -0.00000
  -0.00010   -0.00000
  -0.00010   -0.00000
  -0.00010   -0.00000
  -0.00010   -0.00000
  -0.00010   -0.00000
  -0.00010   -0.00000
  -0.00010   -0.00000
  -0.00010   -0.00000
  -0.00010   -0.00000
